<?xml version="1.0" encoding="UTF-8"?>
<!-- Generated by org.testng.reporters.JUnitReportReporter -->
<testsuite skipped="0" hostname="Comets-MBP.attlocal.net" name="test.UpdateOneProductUsingHashMap" tests="2" failures="1" timestamp="2023-02-12T23:56:53 CST" time="2.299" errors="0">
  <testcase name="updateOneProductUsingHashMap" time="1.915" classname="test.UpdateOneProductUsingHashMap"/>
  <system-out/>
  <testcase name="readOneProduct" time="0.384" classname="test.UpdateOneProductUsingHashMap">
    <failure type="java.lang.AssertionError" message="The following asserts failed:
	Status codes do not match expected [200] but found [404],
	Product ids donot match expected [6954] but found [null],
	Product names are not matching expected [Amazing Pillow 5.0] but found [null],
	Product Description not matching expected [The best pillow for amazing programmers2.] but found [null],
	Prices not matching expected [500] but found [null],
	category ids not matching expected [2] but found [null]">
      <![CDATA[java.lang.AssertionError: The following asserts failed:
Status codes do not match expected [200] but found [404],
Product ids donot match expected [6954] but found [null],
Product names are not matching expected [Amazing Pillow 5.0] but found [null],
Product Description not matching expected [The best pillow for amazing programmers2.] but found [null],
Prices not matching expected [500] but found [null],
category ids not matching expected [2] but found [null]
at org.testng.asserts.SoftAssert.assertAll(SoftAssert.java:47)
at org.testng.asserts.SoftAssert.assertAll(SoftAssert.java:31)
at test.UpdateOneProductUsingHashMap.readOneProduct(UpdateOneProductUsingHashMap.java:140)
at sun.reflect.NativeMethodAccessorImpl.invoke0(Native Method)
at sun.reflect.NativeMethodAccessorImpl.invoke(NativeMethodAccessorImpl.java:62)
at sun.reflect.DelegatingMethodAccessorImpl.invoke(DelegatingMethodAccessorImpl.java:43)
at java.lang.reflect.Method.invoke(Method.java:498)
at org.testng.internal.MethodInvocationHelper.invokeMethod(MethodInvocationHelper.java:133)
at org.testng.internal.TestInvoker.invokeMethod(TestInvoker.java:598)
at org.testng.internal.TestInvoker.invokeTestMethod(TestInvoker.java:173)
at org.testng.internal.MethodRunner.runInSequence(MethodRunner.java:46)
at org.testng.internal.TestInvoker$MethodInvocationAgent.invoke(TestInvoker.java:824)
at org.testng.internal.TestInvoker.invokeTestMethods(TestInvoker.java:146)
at org.testng.internal.TestMethodWorker.invokeTestMethods(TestMethodWorker.java:146)
at org.testng.internal.TestMethodWorker.run(TestMethodWorker.java:128)
at java.util.ArrayList.forEach(ArrayList.java:1257)
at org.testng.TestRunner.privateRun(TestRunner.java:794)
at org.testng.TestRunner.run(TestRunner.java:596)
at org.testng.SuiteRunner.runTest(SuiteRunner.java:377)
at org.testng.SuiteRunner.runSequentially(SuiteRunner.java:371)
at org.testng.SuiteRunner.privateRun(SuiteRunner.java:332)
at org.testng.SuiteRunner.run(SuiteRunner.java:276)
at org.testng.SuiteRunnerWorker.runSuite(SuiteRunnerWorker.java:53)
at org.testng.SuiteRunnerWorker.run(SuiteRunnerWorker.java:96)
at org.testng.TestNG.runSuitesSequentially(TestNG.java:1212)
at org.testng.TestNG.runSuitesLocally(TestNG.java:1134)
at org.testng.TestNG.runSuites(TestNG.java:1063)
at org.testng.TestNG.run(TestNG.java:1031)
at org.testng.remote.AbstractRemoteTestNG.run(AbstractRemoteTestNG.java:115)
at org.testng.remote.RemoteTestNG.initAndRun(RemoteTestNG.java:251)
at org.testng.remote.RemoteTestNG.main(RemoteTestNG.java:77)
]]>
    </failure>
  </testcase> <!-- readOneProduct -->
  <system-out/>
</testsuite> <!-- test.UpdateOneProductUsingHashMap -->
